app/build/intermediates/manifest_merge_blame_file/release/manifest-merger-blame-release-report.txt
1<?xml version="1.0" encoding="utf-8"?>
2<manifest xmlns:android="http://schemas.android.com/apk/res/android"
3    package="com.udittandon.debtfree"
4    android:versionCode="8"
5    android:versionName="1.1.3" >
6
7    <uses-sdk
8        android:minSdkVersion="26"
9        android:targetSdkVersion="35" />
10
11    <!-- Permissions -->
12    <uses-permission android:name="android.permission.INTERNET" />
12-->src\main\AndroidManifest.xml:6:5-67
12-->src\main\AndroidManifest.xml:6:22-64
13    <uses-permission android:name="android.permission.RECEIVE_SMS" />
13-->src\main\AndroidManifest.xml:7:5-70
13-->src\main\AndroidManifest.xml:7:22-67
14    <uses-permission android:name="android.permission.READ_SMS" />
14-->src\main\AndroidManifest.xml:8:5-67
14-->src\main\AndroidManifest.xml:8:22-64
15    <uses-permission android:name="android.permission.WAKE_LOCK" />
15-->src\main\AndroidManifest.xml:9:5-68
15-->src\main\AndroidManifest.xml:9:22-65
16    <uses-permission android:name="android.permission.FOREGROUND_SERVICE" />
16-->src\main\AndroidManifest.xml:10:5-77
16-->src\main\AndroidManifest.xml:10:22-74
17    <uses-permission android:name="android.permission.FOREGROUND_SERVICE_SPECIAL_USE" />
17-->src\main\AndroidManifest.xml:11:5-89
17-->src\main\AndroidManifest.xml:11:22-86
18    <uses-permission android:name="android.permission.POST_NOTIFICATIONS" />
18-->src\main\AndroidManifest.xml:12:5-77
18-->src\main\AndroidManifest.xml:12:22-74
19    <!-- Although the *SdkVersion is captured in gradle build files, this is required for non gradle builds -->
20    <!-- <uses-sdk android:minSdkVersion="14" /> -->
21    <uses-permission android:name="android.permission.ACCESS_NETWORK_STATE" /> <!-- Required by older versions of Google Play services to create IID tokens -->
21-->[com.google.firebase:firebase-firestore:24.11.0] AndroidManifest.xml:10:5-79
21-->[com.google.firebase:firebase-firestore:24.11.0] AndroidManifest.xml:10:22-76
22    <uses-permission android:name="com.google.android.c2dm.permission.RECEIVE" />
22-->[com.google.firebase:firebase-messaging:23.4.1] AndroidManifest.xml:26:5-82
22-->[com.google.firebase:firebase-messaging:23.4.1] AndroidManifest.xml:26:22-79
23    <uses-permission android:name="android.permission.USE_BIOMETRIC" /> <!-- suppress DeprecatedClassUsageInspection -->
23-->[androidx.biometric:biometric:1.4.0-alpha06] AndroidManifest.xml:22:5-72
23-->[androidx.biometric:biometric:1.4.0-alpha06] AndroidManifest.xml:22:22-69
24    <uses-permission android:name="android.permission.USE_FINGERPRINT" />
24-->[androidx.biometric:biometric:1.4.0-alpha06] AndroidManifest.xml:25:5-74
24-->[androidx.biometric:biometric:1.4.0-alpha06] AndroidManifest.xml:25:22-71
25    <uses-permission android:name="com.google.android.providers.gsf.permission.READ_GSERVICES" />
25-->[com.google.android.recaptcha:recaptcha:18.4.0] AndroidManifest.xml:9:5-98
25-->[com.google.android.recaptcha:recaptcha:18.4.0] AndroidManifest.xml:9:22-95
26
27    <permission
27-->[androidx.core:core:1.13.1] AndroidManifest.xml:22:5-24:47
28        android:name="com.udittandon.debtfree.DYNAMIC_RECEIVER_NOT_EXPORTED_PERMISSION"
28-->[androidx.core:core:1.13.1] AndroidManifest.xml:23:9-81
29        android:protectionLevel="signature" />
29-->[androidx.core:core:1.13.1] AndroidManifest.xml:24:9-44
30
31    <uses-permission android:name="com.udittandon.debtfree.DYNAMIC_RECEIVER_NOT_EXPORTED_PERMISSION" />
31-->[androidx.core:core:1.13.1] AndroidManifest.xml:26:5-97
31-->[androidx.core:core:1.13.1] AndroidManifest.xml:26:22-94
32
33    <application
33-->src\main\AndroidManifest.xml:14:5-88:19
34        android:name="com.debtfreein.app.DebtFreeInApp"
34-->src\main\AndroidManifest.xml:15:9-38
35        android:allowBackup="true"
35-->src\main\AndroidManifest.xml:16:9-35
36        android:appComponentFactory="androidx.core.app.CoreComponentFactory"
36-->[androidx.core:core:1.13.1] AndroidManifest.xml:28:18-86
37        android:extractNativeLibs="false"
38        android:icon="@mipmap/ic_launcher"
38-->src\main\AndroidManifest.xml:17:9-43
39        android:label="@string/app_name"
39-->src\main\AndroidManifest.xml:19:9-41
40        android:roundIcon="@mipmap/ic_launcher_round"
40-->src\main\AndroidManifest.xml:18:9-54
41        android:supportsRtl="true"
41-->src\main\AndroidManifest.xml:20:9-35
42        android:theme="@style/Theme.DebtFreeIn.Splash" >
42-->src\main\AndroidManifest.xml:21:9-55
43        <activity
43-->src\main\AndroidManifest.xml:23:9-43:20
44            android:name="com.debtfreein.app.ui.MainActivity"
44-->src\main\AndroidManifest.xml:24:13-44
45            android:exported="true"
45-->src\main\AndroidManifest.xml:25:13-36
46            android:theme="@style/Theme.DebtFreeIn.Splash" >
46-->src\main\AndroidManifest.xml:26:13-59
47            <intent-filter>
47-->src\main\AndroidManifest.xml:27:13-30:29
48                <action android:name="android.intent.action.MAIN" />
48-->src\main\AndroidManifest.xml:28:17-69
48-->src\main\AndroidManifest.xml:28:25-66
49
50                <category android:name="android.intent.category.LAUNCHER" />
50-->src\main\AndroidManifest.xml:29:17-77
50-->src\main\AndroidManifest.xml:29:27-74
51            </intent-filter>
52            <intent-filter>
52-->src\main\AndroidManifest.xml:31:13-36:29
53                <action android:name="android.intent.action.VIEW" />
53-->src\main\AndroidManifest.xml:32:17-69
53-->src\main\AndroidManifest.xml:32:25-66
54
55                <category android:name="android.intent.category.DEFAULT" />
55-->src\main\AndroidManifest.xml:33:17-76
55-->src\main\AndroidManifest.xml:33:27-73
56                <category android:name="android.intent.category.BROWSABLE" />
56-->src\main\AndroidManifest.xml:34:17-78
56-->src\main\AndroidManifest.xml:34:27-75
57
58                <data
58-->src\main\AndroidManifest.xml:35:17-73
59                    android:host="127.0.0.1"
59-->src\main\AndroidManifest.xml:35:46-70
60                    android:scheme="https" />
60-->src\main\AndroidManifest.xml:35:23-45
61            </intent-filter>
62            <intent-filter>
62-->src\main\AndroidManifest.xml:37:13-42:29
63                <action android:name="android.intent.action.VIEW" />
63-->src\main\AndroidManifest.xml:32:17-69
63-->src\main\AndroidManifest.xml:32:25-66
64
65                <category android:name="android.intent.category.DEFAULT" />
65-->src\main\AndroidManifest.xml:33:17-76
65-->src\main\AndroidManifest.xml:33:27-73
66                <category android:name="android.intent.category.BROWSABLE" />
66-->src\main\AndroidManifest.xml:34:17-78
66-->src\main\AndroidManifest.xml:34:27-75
67
68                <data
68-->src\main\AndroidManifest.xml:35:17-73
69                    android:host="upstox-callback"
69-->src\main\AndroidManifest.xml:35:46-70
70                    android:scheme="debtfreein" />
70-->src\main\AndroidManifest.xml:35:23-45
71            </intent-filter>
72        </activity>
73        <activity
73-->src\main\AndroidManifest.xml:45:9-49:55
74            android:name="com.debtfreein.app.CrashReportActivity"
74-->src\main\AndroidManifest.xml:46:13-48
75            android:exported="false"
75-->src\main\AndroidManifest.xml:48:13-37
76            android:process=":crash"
76-->src\main\AndroidManifest.xml:47:13-37
77            android:theme="@style/Theme.DebtFreeIn" />
77-->src\main\AndroidManifest.xml:49:13-52
78
79        <receiver
79-->src\main\AndroidManifest.xml:51:9-59:20
80            android:name="com.debtfreein.app.data.sms.SmsReceiver"
80-->src\main\AndroidManifest.xml:52:13-49
81            android:enabled="true"
81-->src\main\AndroidManifest.xml:53:13-35
82            android:exported="true"
82-->src\main\AndroidManifest.xml:54:13-36
83            android:permission="android.permission.BROADCAST_SMS" >
83-->src\main\AndroidManifest.xml:55:13-66
84            <intent-filter android:priority="999" >
84-->src\main\AndroidManifest.xml:56:13-58:29
84-->src\main\AndroidManifest.xml:56:28-50
85                <action android:name="android.provider.Telephony.SMS_RECEIVED" />
85-->src\main\AndroidManifest.xml:57:17-82
85-->src\main\AndroidManifest.xml:57:25-79
86            </intent-filter>
87        </receiver>
88
89        <service
89-->src\main\AndroidManifest.xml:61:9-69:19
90            android:name="com.debtfreein.app.data.ai.TradingBotService"
90-->src\main\AndroidManifest.xml:62:13-54
91            android:enabled="true"
91-->src\main\AndroidManifest.xml:63:13-35
92            android:exported="false"
92-->src\main\AndroidManifest.xml:64:13-37
93            android:foregroundServiceType="specialUse" >
93-->src\main\AndroidManifest.xml:65:13-55
94            <property
94-->src\main\AndroidManifest.xml:66:13-68:113
95                android:name="android.app.PROPERTY_SPECIAL_USE_FGS_SUBTYPE"
95-->src\main\AndroidManifest.xml:67:17-76
96                android:value="Autonomous paper trading bot and quantitative market hours execution scanner." />
96-->src\main\AndroidManifest.xml:68:17-110
97        </service>
98        <service
98-->src\main\AndroidManifest.xml:71:9-79:19
99            android:name="com.debtfreein.app.data.ai.FailoverObserverService"
99-->src\main\AndroidManifest.xml:72:13-60
100            android:enabled="true"
100-->src\main\AndroidManifest.xml:73:13-35
101            android:exported="false"
101-->src\main\AndroidManifest.xml:74:13-37
102            android:foregroundServiceType="specialUse" >
102-->src\main\AndroidManifest.xml:75:13-55
103            <property
103-->src\main\AndroidManifest.xml:66:13-68:113
104                android:name="android.app.PROPERTY_SPECIAL_USE_FGS_SUBTYPE"
104-->src\main\AndroidManifest.xml:67:17-76
105                android:value="Failover observer service for cross-device high availability monitoring." />
105-->src\main\AndroidManifest.xml:68:17-110
106        </service>
107        <service
107-->src\main\AndroidManifest.xml:81:9-87:19
108            android:name="com.debtfreein.app.FCMReceiverService"
108-->src\main\AndroidManifest.xml:82:13-47
109            android:exported="false" >
109-->src\main\AndroidManifest.xml:83:13-37
110            <intent-filter>
110-->src\main\AndroidManifest.xml:84:13-86:29
111                <action android:name="com.google.firebase.MESSAGING_EVENT" />
111-->src\main\AndroidManifest.xml:85:17-78
111-->src\main\AndroidManifest.xml:85:25-75
112            </intent-filter>
113        </service>
114        <service
114-->[androidx.room:room-runtime:2.6.1] AndroidManifest.xml:24:9-28:63
115            android:name="androidx.room.MultiInstanceInvalidationService"
115-->[androidx.room:room-runtime:2.6.1] AndroidManifest.xml:25:13-74
116            android:directBootAware="true"
116-->[androidx.room:room-runtime:2.6.1] AndroidManifest.xml:26:13-43
117            android:exported="false" />
117-->[androidx.room:room-runtime:2.6.1] AndroidManifest.xml:27:13-37
118        <service
118-->[com.google.firebase:firebase-firestore:24.11.0] AndroidManifest.xml:14:9-23:19
119            android:name="com.google.firebase.components.ComponentDiscoveryService"
119-->[com.google.firebase:firebase-firestore:24.11.0] AndroidManifest.xml:15:13-84
120            android:directBootAware="true"
120-->[com.google.firebase:firebase-common:20.4.2] AndroidManifest.xml:32:13-43
121            android:exported="false" >
121-->[com.google.firebase:firebase-firestore:24.11.0] AndroidManifest.xml:16:13-37
122            <meta-data
122-->[com.google.firebase:firebase-firestore:24.11.0] AndroidManifest.xml:17:13-19:85
123                android:name="com.google.firebase.components:com.google.firebase.firestore.FirebaseFirestoreKtxRegistrar"
123-->[com.google.firebase:firebase-firestore:24.11.0] AndroidManifest.xml:18:17-122
124                android:value="com.google.firebase.components.ComponentRegistrar" />
124-->[com.google.firebase:firebase-firestore:24.11.0] AndroidManifest.xml:19:17-82
125            <meta-data
125-->[com.google.firebase:firebase-firestore:24.11.0] AndroidManifest.xml:20:13-22:85
126                android:name="com.google.firebase.components:com.google.firebase.firestore.FirestoreRegistrar"
126-->[com.google.firebase:firebase-firestore:24.11.0] AndroidManifest.xml:21:17-111
127                android:value="com.google.firebase.components.ComponentRegistrar" />
127-->[com.google.firebase:firebase-firestore:24.11.0] AndroidManifest.xml:22:17-82
128            <meta-data
128-->[com.google.firebase:firebase-auth:22.3.1] AndroidManifest.xml:69:13-71:85
129                android:name="com.google.firebase.components:com.google.firebase.auth.FirebaseAuthRegistrar"
129-->[com.google.firebase:firebase-auth:22.3.1] AndroidManifest.xml:70:17-109
130                android:value="com.google.firebase.components.ComponentRegistrar" />
130-->[com.google.firebase:firebase-auth:22.3.1] AndroidManifest.xml:71:17-82
131            <meta-data
131-->[com.google.firebase:firebase-messaging:23.4.1] AndroidManifest.xml:57:13-59:85
132                android:name="com.google.firebase.components:com.google.firebase.messaging.FirebaseMessagingKtxRegistrar"
132-->[com.google.firebase:firebase-messaging:23.4.1] AndroidManifest.xml:58:17-122
133                android:value="com.google.firebase.components.ComponentRegistrar" />
133-->[com.google.firebase:firebase-messaging:23.4.1] AndroidManifest.xml:59:17-82
134            <meta-data
134-->[com.google.firebase:firebase-messaging:23.4.1] AndroidManifest.xml:60:13-62:85
135                android:name="com.google.firebase.components:com.google.firebase.messaging.FirebaseMessagingRegistrar"
135-->[com.google.firebase:firebase-messaging:23.4.1] AndroidManifest.xml:61:17-119
136                android:value="com.google.firebase.components.ComponentRegistrar" />
136-->[com.google.firebase:firebase-messaging:23.4.1] AndroidManifest.xml:62:17-82
137            <meta-data
137-->[com.google.firebase:firebase-installations:17.2.0] AndroidManifest.xml:15:13-17:85
138                android:name="com.google.firebase.components:com.google.firebase.installations.FirebaseInstallationsKtxRegistrar"
138-->[com.google.firebase:firebase-installations:17.2.0] AndroidManifest.xml:16:17-130
139                android:value="com.google.firebase.components.ComponentRegistrar" />
139-->[com.google.firebase:firebase-installations:17.2.0] AndroidManifest.xml:17:17-82
140            <meta-data
140-->[com.google.firebase:firebase-installations:17.2.0] AndroidManifest.xml:18:13-20:85
141                android:name="com.google.firebase.components:com.google.firebase.installations.FirebaseInstallationsRegistrar"
141-->[com.google.firebase:firebase-installations:17.2.0] AndroidManifest.xml:19:17-127
142                android:value="com.google.firebase.components.ComponentRegistrar" />
142-->[com.google.firebase:firebase-installations:17.2.0] AndroidManifest.xml:20:17-82
143            <meta-data
143-->[com.google.firebase:firebase-common-ktx:20.4.2] AndroidManifest.xml:12:13-14:85
144                android:name="com.google.firebase.components:com.google.firebase.ktx.FirebaseCommonLegacyRegistrar"
144-->[com.google.firebase:firebase-common-ktx:20.4.2] AndroidManifest.xml:13:17-116
145                android:value="com.google.firebase.components.ComponentRegistrar" />
145-->[com.google.firebase:firebase-common-ktx:20.4.2] AndroidManifest.xml:14:17-82
146            <meta-data
146-->[com.google.firebase:firebase-common:20.4.2] AndroidManifest.xml:35:13-37:85
147                android:name="com.google.firebase.components:com.google.firebase.FirebaseCommonKtxRegistrar"
147-->[com.google.firebase:firebase-common:20.4.2] AndroidManifest.xml:36:17-109
148                android:value="com.google.firebase.components.ComponentRegistrar" />
148-->[com.google.firebase:firebase-common:20.4.2] AndroidManifest.xml:37:17-82
149            <meta-data
149-->[com.google.firebase:firebase-datatransport:18.1.7] AndroidManifest.xml:27:13-29:85
150                android:name="com.google.firebase.components:com.google.firebase.datatransport.TransportRegistrar"
150-->[com.google.firebase:firebase-datatransport:18.1.7] AndroidManifest.xml:28:17-115
151                android:value="com.google.firebase.components.ComponentRegistrar" />
151-->[com.google.firebase:firebase-datatransport:18.1.7] AndroidManifest.xml:29:17-82
152        </service>
153
154        <activity
154-->[com.google.firebase:firebase-auth:22.3.1] AndroidManifest.xml:29:9-46:20
155            android:name="com.google.firebase.auth.internal.GenericIdpActivity"
155-->[com.google.firebase:firebase-auth:22.3.1] AndroidManifest.xml:30:13-80
156            android:excludeFromRecents="true"
156-->[com.google.firebase:firebase-auth:22.3.1] AndroidManifest.xml:31:13-46
157            android:exported="true"
157-->[com.google.firebase:firebase-auth:22.3.1] AndroidManifest.xml:32:13-36
158            android:launchMode="singleTask"
158-->[com.google.firebase:firebase-auth:22.3.1] AndroidManifest.xml:33:13-44
159            android:theme="@android:style/Theme.Translucent.NoTitleBar" >
159-->[com.google.firebase:firebase-auth:22.3.1] AndroidManifest.xml:34:13-72
160            <intent-filter>
160-->[com.google.firebase:firebase-auth:22.3.1] AndroidManifest.xml:35:13-45:29
161                <action android:name="android.intent.action.VIEW" />
161-->src\main\AndroidManifest.xml:32:17-69
161-->src\main\AndroidManifest.xml:32:25-66
162
163                <category android:name="android.intent.category.DEFAULT" />
163-->src\main\AndroidManifest.xml:33:17-76
163-->src\main\AndroidManifest.xml:33:27-73
164                <category android:name="android.intent.category.BROWSABLE" />
164-->src\main\AndroidManifest.xml:34:17-78
164-->src\main\AndroidManifest.xml:34:27-75
165
166                <data
166-->src\main\AndroidManifest.xml:35:17-73
167                    android:host="firebase.auth"
167-->src\main\AndroidManifest.xml:35:46-70
168                    android:path="/"
169                    android:scheme="genericidp" />
169-->src\main\AndroidManifest.xml:35:23-45
170            </intent-filter>
171        </activity>
172        <activity
172-->[com.google.firebase:firebase-auth:22.3.1] AndroidManifest.xml:47:9-64:20
173            android:name="com.google.firebase.auth.internal.RecaptchaActivity"
173-->[com.google.firebase:firebase-auth:22.3.1] AndroidManifest.xml:48:13-79
174            android:excludeFromRecents="true"
174-->[com.google.firebase:firebase-auth:22.3.1] AndroidManifest.xml:49:13-46
175            android:exported="true"
175-->[com.google.firebase:firebase-auth:22.3.1] AndroidManifest.xml:50:13-36
176            android:launchMode="singleTask"
176-->[com.google.firebase:firebase-auth:22.3.1] AndroidManifest.xml:51:13-44
177            android:theme="@android:style/Theme.Translucent.NoTitleBar" >
177-->[com.google.firebase:firebase-auth:22.3.1] AndroidManifest.xml:52:13-72
178            <intent-filter>
178-->[com.google.firebase:firebase-auth:22.3.1] AndroidManifest.xml:53:13-63:29
179                <action android:name="android.intent.action.VIEW" />
179-->src\main\AndroidManifest.xml:32:17-69
179-->src\main\AndroidManifest.xml:32:25-66
180
181                <category android:name="android.intent.category.DEFAULT" />
181-->src\main\AndroidManifest.xml:33:17-76
181-->src\main\AndroidManifest.xml:33:27-73
182                <category android:name="android.intent.category.BROWSABLE" />
182-->src\main\AndroidManifest.xml:34:17-78
182-->src\main\AndroidManifest.xml:34:27-75
183
184                <data
184-->src\main\AndroidManifest.xml:35:17-73
185                    android:host="firebase.auth"
185-->src\main\AndroidManifest.xml:35:46-70
186                    android:path="/"
187                    android:scheme="recaptcha" />
187-->src\main\AndroidManifest.xml:35:23-45
188            </intent-filter>
189        </activity>
190
191        <receiver
191-->[com.google.firebase:firebase-messaging:23.4.1] AndroidManifest.xml:29:9-40:20
192            android:name="com.google.firebase.iid.FirebaseInstanceIdReceiver"
192-->[com.google.firebase:firebase-messaging:23.4.1] AndroidManifest.xml:30:13-78
193            android:exported="true"
193-->[com.google.firebase:firebase-messaging:23.4.1] AndroidManifest.xml:31:13-36
194            android:permission="com.google.android.c2dm.permission.SEND" >
194-->[com.google.firebase:firebase-messaging:23.4.1] AndroidManifest.xml:32:13-73
195            <intent-filter>
195-->[com.google.firebase:firebase-messaging:23.4.1] AndroidManifest.xml:33:13-35:29
196                <action android:name="com.google.android.c2dm.intent.RECEIVE" />
196-->[com.google.firebase:firebase-messaging:23.4.1] AndroidManifest.xml:34:17-81
196-->[com.google.firebase:firebase-messaging:23.4.1] AndroidManifest.xml:34:25-78
197            </intent-filter>
198
199            <meta-data
199-->[com.google.firebase:firebase-messaging:23.4.1] AndroidManifest.xml:37:13-39:40
200                android:name="com.google.android.gms.cloudmessaging.FINISHED_AFTER_HANDLED"
200-->[com.google.firebase:firebase-messaging:23.4.1] AndroidManifest.xml:38:17-92
201                android:value="true" />
201-->[com.google.firebase:firebase-messaging:23.4.1] AndroidManifest.xml:39:17-37
202        </receiver>
203        <!--
204             FirebaseMessagingService performs security checks at runtime,
205             but set to not exported to explicitly avoid allowing another app to call it.
206        -->
207        <service
207-->[com.google.firebase:firebase-messaging:23.4.1] AndroidManifest.xml:46:9-53:19
208            android:name="com.google.firebase.messaging.FirebaseMessagingService"
208-->[com.google.firebase:firebase-messaging:23.4.1] AndroidManifest.xml:47:13-82
209            android:directBootAware="true"
209-->[com.google.firebase:firebase-messaging:23.4.1] AndroidManifest.xml:48:13-43
210            android:exported="false" >
210-->[com.google.firebase:firebase-messaging:23.4.1] AndroidManifest.xml:49:13-37
211            <intent-filter android:priority="-500" >
211-->src\main\AndroidManifest.xml:84:13-86:29
212                <action android:name="com.google.firebase.MESSAGING_EVENT" />
212-->src\main\AndroidManifest.xml:85:17-78
212-->src\main\AndroidManifest.xml:85:25-75
213            </intent-filter>
214        </service>
215
216        <activity
216-->[androidx.biometric:biometric:1.4.0-alpha06] AndroidManifest.xml:28:9-32:67
217            android:name="androidx.biometric.internal.ui.FingerprintDialogActivity"
217-->[androidx.biometric:biometric:1.4.0-alpha06] AndroidManifest.xml:29:13-84
218            android:exported="false"
218-->[androidx.biometric:biometric:1.4.0-alpha06] AndroidManifest.xml:30:13-37
219            android:label="@string/fingerprint_dialog_activity_label"
219-->[androidx.biometric:biometric:1.4.0-alpha06] AndroidManifest.xml:31:13-70
220            android:theme="@style/Theme.AppCompat.Dialog.Alert" />
220-->[androidx.biometric:biometric:1.4.0-alpha06] AndroidManifest.xml:32:13-64
221
222        <provider
222-->[com.google.firebase:firebase-common:20.4.2] AndroidManifest.xml:23:9-28:39
223            android:name="com.google.firebase.provider.FirebaseInitProvider"
223-->[com.google.firebase:firebase-common:20.4.2] AndroidManifest.xml:24:13-77
224            android:authorities="com.udittandon.debtfree.firebaseinitprovider"
224-->[com.google.firebase:firebase-common:20.4.2] AndroidManifest.xml:25:13-72
225            android:directBootAware="true"
225-->[com.google.firebase:firebase-common:20.4.2] AndroidManifest.xml:26:13-43
226            android:exported="false"
226-->[com.google.firebase:firebase-common:20.4.2] AndroidManifest.xml:27:13-37
227            android:initOrder="100" />
227-->[com.google.firebase:firebase-common:20.4.2] AndroidManifest.xml:28:13-36
228
229        <activity
229-->[com.google.android.gms:play-services-auth:21.0.0] AndroidManifest.xml:23:9-27:75
230            android:name="com.google.android.gms.auth.api.signin.internal.SignInHubActivity"
230-->[com.google.android.gms:play-services-auth:21.0.0] AndroidManifest.xml:24:13-93
231            android:excludeFromRecents="true"
231-->[com.google.android.gms:play-services-auth:21.0.0] AndroidManifest.xml:25:13-46
232            android:exported="false"
232-->[com.google.android.gms:play-services-auth:21.0.0] AndroidManifest.xml:26:13-37
233            android:theme="@android:style/Theme.Translucent.NoTitleBar" />
233-->[com.google.android.gms:play-services-auth:21.0.0] AndroidManifest.xml:27:13-72
234        <!--
235            Service handling Google Sign-In user revocation. For apps that do not integrate with
236            Google Sign-In, this service will never be started.
237        -->
238        <service
238-->[com.google.android.gms:play-services-auth:21.0.0] AndroidManifest.xml:33:9-37:51
239            android:name="com.google.android.gms.auth.api.signin.RevocationBoundService"
239-->[com.google.android.gms:play-services-auth:21.0.0] AndroidManifest.xml:34:13-89
240            android:exported="true"
240-->[com.google.android.gms:play-services-auth:21.0.0] AndroidManifest.xml:35:13-36
241            android:permission="com.google.android.gms.auth.api.signin.permission.REVOCATION_NOTIFICATION"
241-->[com.google.android.gms:play-services-auth:21.0.0] AndroidManifest.xml:36:13-107
242            android:visibleToInstantApps="true" />
242-->[com.google.android.gms:play-services-auth:21.0.0] AndroidManifest.xml:37:13-48
243
244        <activity
244-->[com.google.android.gms:play-services-base:18.0.1] AndroidManifest.xml:20:9-22:45
245            android:name="com.google.android.gms.common.api.GoogleApiActivity"
245-->[com.google.android.gms:play-services-base:18.0.1] AndroidManifest.xml:20:19-85
246            android:exported="false"
246-->[com.google.android.gms:play-services-base:18.0.1] AndroidManifest.xml:22:19-43
247            android:theme="@android:style/Theme.Translucent.NoTitleBar" />
247-->[com.google.android.gms:play-services-base:18.0.1] AndroidManifest.xml:21:19-78
248
249        <provider
249-->[androidx.emoji2:emoji2:1.3.0] AndroidManifest.xml:24:9-32:20
250            android:name="androidx.startup.InitializationProvider"
250-->[androidx.emoji2:emoji2:1.3.0] AndroidManifest.xml:25:13-67
251            android:authorities="com.udittandon.debtfree.androidx-startup"
251-->[androidx.emoji2:emoji2:1.3.0] AndroidManifest.xml:26:13-68
252            android:exported="false" >
252-->[androidx.emoji2:emoji2:1.3.0] AndroidManifest.xml:27:13-37
253            <meta-data
253-->[androidx.emoji2:emoji2:1.3.0] AndroidManifest.xml:29:13-31:52
254                android:name="androidx.emoji2.text.EmojiCompatInitializer"
254-->[androidx.emoji2:emoji2:1.3.0] AndroidManifest.xml:30:17-75
255                android:value="androidx.startup" />
255-->[androidx.emoji2:emoji2:1.3.0] AndroidManifest.xml:31:17-49
256            <meta-data
256-->[androidx.lifecycle:lifecycle-process:2.9.0] AndroidManifest.xml:29:13-31:52
257                android:name="androidx.lifecycle.ProcessLifecycleInitializer"
257-->[androidx.lifecycle:lifecycle-process:2.9.0] AndroidManifest.xml:30:17-78
258                android:value="androidx.startup" />
258-->[androidx.lifecycle:lifecycle-process:2.9.0] AndroidManifest.xml:31:17-49
259            <meta-data
259-->[androidx.profileinstaller:profileinstaller:1.4.0] AndroidManifest.xml:29:13-31:52
260                android:name="androidx.profileinstaller.ProfileInstallerInitializer"
260-->[androidx.profileinstaller:profileinstaller:1.4.0] AndroidManifest.xml:30:17-85
261                android:value="androidx.startup" />
261-->[androidx.profileinstaller:profileinstaller:1.4.0] AndroidManifest.xml:31:17-49
262        </provider>
263
264        <meta-data
264-->[com.google.android.gms:play-services-basement:18.2.0] AndroidManifest.xml:21:9-23:69
265            android:name="com.google.android.gms.version"
265-->[com.google.android.gms:play-services-basement:18.2.0] AndroidManifest.xml:22:13-58
266            android:value="@integer/google_play_services_version" />
266-->[com.google.android.gms:play-services-basement:18.2.0] AndroidManifest.xml:23:13-66
267
268        <receiver
268-->[androidx.profileinstaller:profileinstaller:1.4.0] AndroidManifest.xml:34:9-52:20
269            android:name="androidx.profileinstaller.ProfileInstallReceiver"
269-->[androidx.profileinstaller:profileinstaller:1.4.0] AndroidManifest.xml:35:13-76
270            android:directBootAware="false"
270-->[androidx.profileinstaller:profileinstaller:1.4.0] AndroidManifest.xml:36:13-44
271            android:enabled="true"
271-->[androidx.profileinstaller:profileinstaller:1.4.0] AndroidManifest.xml:37:13-35
272            android:exported="true"
272-->[androidx.profileinstaller:profileinstaller:1.4.0] AndroidManifest.xml:38:13-36
273            android:permission="android.permission.DUMP" >
273-->[androidx.profileinstaller:profileinstaller:1.4.0] AndroidManifest.xml:39:13-57
274            <intent-filter>
274-->[androidx.profileinstaller:profileinstaller:1.4.0] AndroidManifest.xml:40:13-42:29
275                <action android:name="androidx.profileinstaller.action.INSTALL_PROFILE" />
275-->[androidx.profileinstaller:profileinstaller:1.4.0] AndroidManifest.xml:41:17-91
275-->[androidx.profileinstaller:profileinstaller:1.4.0] AndroidManifest.xml:41:25-88
276            </intent-filter>
277            <intent-filter>
277-->[androidx.profileinstaller:profileinstaller:1.4.0] AndroidManifest.xml:43:13-45:29
278                <action android:name="androidx.profileinstaller.action.SKIP_FILE" />
278-->[androidx.profileinstaller:profileinstaller:1.4.0] AndroidManifest.xml:44:17-85
278-->[androidx.profileinstaller:profileinstaller:1.4.0] AndroidManifest.xml:44:25-82
279            </intent-filter>
280            <intent-filter>
280-->[androidx.profileinstaller:profileinstaller:1.4.0] AndroidManifest.xml:46:13-48:29